{"C:\\Users\\jpedr\\OneDrive\\Área de Trabalho\\projetos\\todo-list\\src\\app.module.ts": {"path":"C:\\Users\\jpedr\\OneDrive\\Área de Trabalho\\projetos\\todo-list\\src\\app.module.ts","statementMap":{"0":{"start":{"line":1,"column":0},"end":{"line":1,"column":40}},"1":{"start":{"line":2,"column":0},"end":{"line":2,"column":56}},"2":{"start":{"line":3,"column":0},"end":{"line":3,"column":48}},"3":{"start":{"line":4,"column":0},"end":{"line":4,"column":86}},"4":{"start":{"line":9,"column":7},"end":{"line":9,"column":null}},"5":{"start":{"line":9,"column":13},"end":{"line":9,"column":22}},"6":{"start":{"line":9,"column":13},"end":{"line":9,"column":null}}},"fnMap":{},"branchMap":{},"s":{"0":0,"1":0,"2":0,"3":0,"4":0,"5":0,"6":0},"f":{},"b":{}}
,"C:\\Users\\jpedr\\OneDrive\\Área de Trabalho\\projetos\\todo-list\\src\\main.ts": {"path":"C:\\Users\\jpedr\\OneDrive\\Área de Trabalho\\projetos\\todo-list\\src\\main.ts","statementMap":{"0":{"start":{"line":1,"column":0},"end":{"line":1,"column":43}},"1":{"start":{"line":2,"column":0},"end":{"line":2,"column":41}},"2":{"start":{"line":5,"column":14},"end":{"line":5,"column":49}},"3":{"start":{"line":7,"column":2},"end":{"line":7,"column":45}},"4":{"start":{"line":9,"column":0},"end":{"line":9,"column":12}}},"fnMap":{"0":{"name":"bootstrap","decl":{"start":{"line":4,"column":15},"end":{"line":4,"column":24}},"loc":{"start":{"line":4,"column":24},"end":{"line":8,"column":1}}}},"branchMap":{"0":{"loc":{"start":{"line":7,"column":19},"end":{"line":7,"column":43}},"type":"binary-expr","locations":[{"start":{"line":7,"column":19},"end":{"line":7,"column":35}},{"start":{"line":7,"column":39},"end":{"line":7,"column":43}}]}},"s":{"0":0,"1":0,"2":0,"3":0,"4":0},"f":{"0":0},"b":{"0":[0,0]}}
,"C:\\Users\\jpedr\\OneDrive\\Área de Trabalho\\projetos\\todo-list\\src\\modules\\todo\\todo.module.ts": {"path":"C:\\Users\\jpedr\\OneDrive\\Área de Trabalho\\projetos\\todo-list\\src\\modules\\todo\\todo.module.ts","statementMap":{"0":{"start":{"line":1,"column":0},"end":{"line":1,"column":40}},"1":{"start":{"line":2,"column":0},"end":{"line":2,"column":80}},"2":{"start":{"line":3,"column":0},"end":{"line":3,"column":78}},"3":{"start":{"line":4,"column":0},"end":{"line":4,"column":78}},"4":{"start":{"line":5,"column":0},"end":{"line":5,"column":68}},"5":{"start":{"line":6,"column":0},"end":{"line":6,"column":72}},"6":{"start":{"line":7,"column":0},"end":{"line":7,"column":93}},"7":{"start":{"line":8,"column":0},"end":{"line":8,"column":null}},"8":{"start":{"line":12,"column":0},"end":{"line":12,"column":49}},"9":{"start":{"line":13,"column":0},"end":{"line":13,"column":74}},"10":{"start":{"line":14,"column":0},"end":{"line":14,"column":80}},"11":{"start":{"line":15,"column":0},"end":{"line":15,"column":80}},"12":{"start":{"line":43,"column":7},"end":{"line":43,"column":null}},"13":{"start":{"line":43,"column":13},"end":{"line":43,"column":23}},"14":{"start":{"line":43,"column":13},"end":{"line":43,"column":null}},"15":{"start":{"line":33,"column":8},"end":{"line":33,"column":72}}},"fnMap":{"0":{"name":"(anonymous_1)","decl":{"start":{"line":28,"column":18},"end":{"line":28,"column":null}},"loc":{"start":{"line":32,"column":10},"end":{"line":34,"column":7}}}},"branchMap":{},"s":{"0":0,"1":0,"2":0,"3":0,"4":0,"5":0,"6":0,"7":0,"8":0,"9":0,"10":0,"11":0,"12":0,"13":0,"14":0,"15":0},"f":{"0":0},"b":{}}
,"C:\\Users\\jpedr\\OneDrive\\Área de Trabalho\\projetos\\todo-list\\src\\modules\\todo\\application\\dtos\\create-todo.dto.ts": {"path":"C:\\Users\\jpedr\\OneDrive\\Área de Trabalho\\projetos\\todo-list\\src\\modules\\todo\\application\\dtos\\create-todo.dto.ts","statementMap":{"0":{"start":{"line":1,"column":0},"end":{"line":1,"column":null}},"1":{"start":{"line":10,"column":0},"end":{"line":10,"column":13}},"2":{"start":{"line":13,"column":2},"end":{"line":13,"column":null}},"3":{"start":{"line":16,"column":2},"end":{"line":16,"column":null}},"4":{"start":{"line":21,"column":2},"end":{"line":21,"column":null}}},"fnMap":{},"branchMap":{},"s":{"0":1,"1":1,"2":1,"3":1,"4":1},"f":{},"b":{}}
,"C:\\Users\\jpedr\\OneDrive\\Área de Trabalho\\projetos\\todo-list\\src\\modules\\todo\\application\\dtos\\update-todo.usecase.ts": {"path":"C:\\Users\\jpedr\\OneDrive\\Área de Trabalho\\projetos\\todo-list\\src\\modules\\todo\\application\\dtos\\update-todo.usecase.ts","statementMap":{"0":{"start":{"line":1,"column":0},"end":{"line":1,"column":null}},"1":{"start":{"line":10,"column":0},"end":{"line":10,"column":13}},"2":{"start":{"line":13,"column":2},"end":{"line":13,"column":null}},"3":{"start":{"line":17,"column":2},"end":{"line":17,"column":null}},"4":{"start":{"line":22,"column":2},"end":{"line":22,"column":null}}},"fnMap":{},"branchMap":{},"s":{"0":1,"1":1,"2":1,"3":1,"4":1},"f":{},"b":{}}
,"C:\\Users\\jpedr\\OneDrive\\Área de Trabalho\\projetos\\todo-list\\src\\modules\\todo\\application\\use-cases\\create-todo.usecase.ts": {"path":"C:\\Users\\jpedr\\OneDrive\\Área de Trabalho\\projetos\\todo-list\\src\\modules\\todo\\application\\use-cases\\create-todo.usecase.ts","statementMap":{"0":{"start":{"line":1,"column":0},"end":{"line":1,"column":76}},"1":{"start":{"line":2,"column":0},"end":{"line":2,"column":66}},"2":{"start":{"line":3,"column":0},"end":{"line":3,"column":40}},"3":{"start":{"line":4,"column":0},"end":{"line":4,"column":97}},"4":{"start":{"line":12,"column":0},"end":{"line":43,"column":null}},"5":{"start":{"line":15,"column":21},"end":{"line":15,"column":37}},"6":{"start":{"line":19,"column":48},"end":{"line":19,"column":53}},"7":{"start":{"line":21,"column":37},"end":{"line":21,"column":39}},"8":{"start":{"line":23,"column":4},"end":{"line":31,"column":5}},"9":{"start":{"line":24,"column":25},"end":{"line":24,"column":73}},"10":{"start":{"line":26,"column":6},"end":{"line":28,"column":7}},"11":{"start":{"line":27,"column":8},"end":{"line":27,"column":64}},"12":{"start":{"line":30,"column":6},"end":{"line":30,"column":36}},"13":{"start":{"line":32,"column":17},"end":{"line":32,"column":45}},"14":{"start":{"line":34,"column":4},"end":{"line":34,"column":41}},"15":{"start":{"line":36,"column":4},"end":{"line":39,"column":5}},"16":{"start":{"line":37,"column":6},"end":{"line":37,"column":36}},"17":{"start":{"line":38,"column":6},"end":{"line":38,"column":49}},"18":{"start":{"line":41,"column":4},"end":{"line":41,"column":16}},"19":{"start":{"line":12,"column":13},"end":{"line":12,"column":30}},"20":{"start":{"line":12,"column":13},"end":{"line":43,"column":null}}},"fnMap":{"0":{"name":"(anonymous_13)","decl":{"start":{"line":13,"column":2},"end":{"line":13,"column":null}},"loc":{"start":{"line":15,"column":66},"end":{"line":16,"column":6}}},"1":{"name":"(anonymous_14)","decl":{"start":{"line":18,"column":2},"end":{"line":18,"column":7}},"loc":{"start":{"line":18,"column":38},"end":{"line":42,"column":3}}}},"branchMap":{"0":{"loc":{"start":{"line":19,"column":25},"end":{"line":19,"column":43}},"type":"default-arg","locations":[{"start":{"line":19,"column":41},"end":{"line":19,"column":43}}]},"1":{"loc":{"start":{"line":26,"column":6},"end":{"line":28,"column":7}},"type":"if","locations":[{"start":{"line":26,"column":6},"end":{"line":28,"column":7}},{"start":{},"end":{}}]},"2":{"loc":{"start":{"line":15,"column":37},"end":{"line":15,"column":null}},"type":"cond-expr","locations":[{"start":{"line":15,"column":66},"end":{"line":15,"column":null}},{"start":{"line":15,"column":66},"end":{"line":15,"column":null}}]},"3":{"loc":{"start":{"line":15,"column":37},"end":{"line":15,"column":66}},"type":"binary-expr","locations":[{"start":{"line":15,"column":37},"end":{"line":15,"column":52}},{"start":{"line":15,"column":37},"end":{"line":15,"column":66}}]}},"s":{"0":2,"1":2,"2":2,"3":2,"4":2,"5":2,"6":2,"7":2,"8":2,"9":1,"10":1,"11":1,"12":0,"13":1,"14":1,"15":1,"16":0,"17":0,"18":1,"19":2,"20":2},"f":{"0":2,"1":2},"b":{"0":[0],"1":[1,0],"2":[0,2],"3":[2,2]}}
,"C:\\Users\\jpedr\\OneDrive\\Área de Trabalho\\projetos\\todo-list\\src\\modules\\todo\\application\\use-cases\\delete-todo.usecase.ts": {"path":"C:\\Users\\jpedr\\OneDrive\\Área de Trabalho\\projetos\\todo-list\\src\\modules\\todo\\application\\use-cases\\delete-todo.usecase.ts","statementMap":{"0":{"start":{"line":1,"column":0},"end":{"line":1,"column":40}},"1":{"start":{"line":2,"column":0},"end":{"line":2,"column":76}},"2":{"start":{"line":3,"column":0},"end":{"line":3,"column":97}},"3":{"start":{"line":5,"column":0},"end":{"line":14,"column":null}},"4":{"start":{"line":8,"column":21},"end":{"line":8,"column":27}},"5":{"start":{"line":12,"column":4},"end":{"line":12,"column":32}},"6":{"start":{"line":5,"column":13},"end":{"line":5,"column":30}},"7":{"start":{"line":5,"column":13},"end":{"line":14,"column":null}}},"fnMap":{"0":{"name":"(anonymous_13)","decl":{"start":{"line":6,"column":2},"end":{"line":6,"column":null}},"loc":{"start":{"line":8,"column":56},"end":{"line":9,"column":6}}},"1":{"name":"(anonymous_14)","decl":{"start":{"line":11,"column":2},"end":{"line":11,"column":7}},"loc":{"start":{"line":11,"column":26},"end":{"line":13,"column":3}}}},"branchMap":{"0":{"loc":{"start":{"line":8,"column":27},"end":{"line":8,"column":null}},"type":"cond-expr","locations":[{"start":{"line":8,"column":56},"end":{"line":8,"column":null}},{"start":{"line":8,"column":56},"end":{"line":8,"column":null}}]},"1":{"loc":{"start":{"line":8,"column":27},"end":{"line":8,"column":56}},"type":"binary-expr","locations":[{"start":{"line":8,"column":27},"end":{"line":8,"column":42}},{"start":{"line":8,"column":27},"end":{"line":8,"column":56}}]}},"s":{"0":2,"1":2,"2":2,"3":2,"4":1,"5":1,"6":2,"7":2},"f":{"0":1,"1":1},"b":{"0":[0,2],"1":[2,2]}}
,"C:\\Users\\jpedr\\OneDrive\\Área de Trabalho\\projetos\\todo-list\\src\\modules\\todo\\application\\use-cases\\find-one.usecase.ts": {"path":"C:\\Users\\jpedr\\OneDrive\\Área de Trabalho\\projetos\\todo-list\\src\\modules\\todo\\application\\use-cases\\find-one.usecase.ts","statementMap":{"0":{"start":{"line":1,"column":0},"end":{"line":1,"column":40}},"1":{"start":{"line":2,"column":0},"end":{"line":2,"column":76}},"2":{"start":{"line":3,"column":0},"end":{"line":3,"column":97}},"3":{"start":{"line":5,"column":0},"end":{"line":14,"column":null}},"4":{"start":{"line":8,"column":21},"end":{"line":8,"column":27}},"5":{"start":{"line":12,"column":4},"end":{"line":12,"column":34}},"6":{"start":{"line":5,"column":13},"end":{"line":5,"column":27}},"7":{"start":{"line":5,"column":13},"end":{"line":14,"column":null}}},"fnMap":{"0":{"name":"(anonymous_13)","decl":{"start":{"line":6,"column":2},"end":{"line":6,"column":null}},"loc":{"start":{"line":8,"column":56},"end":{"line":9,"column":6}}},"1":{"name":"(anonymous_14)","decl":{"start":{"line":11,"column":2},"end":{"line":11,"column":7}},"loc":{"start":{"line":11,"column":26},"end":{"line":13,"column":3}}}},"branchMap":{"0":{"loc":{"start":{"line":8,"column":27},"end":{"line":8,"column":null}},"type":"cond-expr","locations":[{"start":{"line":8,"column":56},"end":{"line":8,"column":null}},{"start":{"line":8,"column":56},"end":{"line":8,"column":null}}]},"1":{"loc":{"start":{"line":8,"column":27},"end":{"line":8,"column":56}},"type":"binary-expr","locations":[{"start":{"line":8,"column":27},"end":{"line":8,"column":42}},{"start":{"line":8,"column":27},"end":{"line":8,"column":56}}]}},"s":{"0":2,"1":2,"2":2,"3":2,"4":1,"5":1,"6":2,"7":2},"f":{"0":1,"1":1},"b":{"0":[0,2],"1":[2,2]}}
,"C:\\Users\\jpedr\\OneDrive\\Área de Trabalho\\projetos\\todo-list\\src\\modules\\todo\\application\\use-cases\\list-todos.usecase.ts": {"path":"C:\\Users\\jpedr\\OneDrive\\Área de Trabalho\\projetos\\todo-list\\src\\modules\\todo\\application\\use-cases\\list-todos.usecase.ts","statementMap":{"0":{"start":{"line":1,"column":0},"end":{"line":1,"column":40}},"1":{"start":{"line":2,"column":0},"end":{"line":2,"column":76}},"2":{"start":{"line":3,"column":0},"end":{"line":3,"column":97}},"3":{"start":{"line":10,"column":0},"end":{"line":19,"column":null}},"4":{"start":{"line":13,"column":21},"end":{"line":13,"column":27}},"5":{"start":{"line":17,"column":4},"end":{"line":17,"column":46}},"6":{"start":{"line":10,"column":13},"end":{"line":10,"column":29}},"7":{"start":{"line":10,"column":13},"end":{"line":19,"column":null}}},"fnMap":{"0":{"name":"(anonymous_13)","decl":{"start":{"line":11,"column":2},"end":{"line":11,"column":null}},"loc":{"start":{"line":13,"column":56},"end":{"line":14,"column":6}}},"1":{"name":"(anonymous_14)","decl":{"start":{"line":16,"column":2},"end":{"line":16,"column":7}},"loc":{"start":{"line":16,"column":47},"end":{"line":18,"column":3}}}},"branchMap":{"0":{"loc":{"start":{"line":13,"column":27},"end":{"line":13,"column":null}},"type":"cond-expr","locations":[{"start":{"line":13,"column":56},"end":{"line":13,"column":null}},{"start":{"line":13,"column":56},"end":{"line":13,"column":null}}]},"1":{"loc":{"start":{"line":13,"column":27},"end":{"line":13,"column":56}},"type":"binary-expr","locations":[{"start":{"line":13,"column":27},"end":{"line":13,"column":42}},{"start":{"line":13,"column":27},"end":{"line":13,"column":56}}]}},"s":{"0":2,"1":2,"2":2,"3":2,"4":1,"5":1,"6":2,"7":2},"f":{"0":1,"1":1},"b":{"0":[0,2],"1":[2,2]}}
,"C:\\Users\\jpedr\\OneDrive\\Área de Trabalho\\projetos\\todo-list\\src\\modules\\todo\\application\\use-cases\\update-todo.usecase.ts": {"path":"C:\\Users\\jpedr\\OneDrive\\Área de Trabalho\\projetos\\todo-list\\src\\modules\\todo\\application\\use-cases\\update-todo.usecase.ts","statementMap":{"0":{"start":{"line":1,"column":0},"end":{"line":1,"column":40}},"1":{"start":{"line":2,"column":0},"end":{"line":2,"column":76}},"2":{"start":{"line":3,"column":0},"end":{"line":3,"column":97}},"3":{"start":{"line":11,"column":0},"end":{"line":30,"column":null}},"4":{"start":{"line":14,"column":21},"end":{"line":14,"column":27}},"5":{"start":{"line":18,"column":32},"end":{"line":18,"column":37}},"6":{"start":{"line":20,"column":17},"end":{"line":20,"column":45}},"7":{"start":{"line":21,"column":4},"end":{"line":28,"column":5}},"8":{"start":{"line":22,"column":6},"end":{"line":22,"column":25}},"9":{"start":{"line":23,"column":6},"end":{"line":25,"column":7}},"10":{"start":{"line":24,"column":8},"end":{"line":24,"column":30}},"11":{"start":{"line":27,"column":6},"end":{"line":27,"column":33}},"12":{"start":{"line":11,"column":13},"end":{"line":11,"column":30}},"13":{"start":{"line":11,"column":13},"end":{"line":30,"column":null}}},"fnMap":{"0":{"name":"(anonymous_13)","decl":{"start":{"line":12,"column":2},"end":{"line":12,"column":null}},"loc":{"start":{"line":14,"column":56},"end":{"line":15,"column":6}}},"1":{"name":"(anonymous_14)","decl":{"start":{"line":17,"column":2},"end":{"line":17,"column":7}},"loc":{"start":{"line":17,"column":38},"end":{"line":29,"column":3}}}},"branchMap":{"0":{"loc":{"start":{"line":21,"column":4},"end":{"line":28,"column":5}},"type":"if","locations":[{"start":{"line":21,"column":4},"end":{"line":28,"column":5}},{"start":{},"end":{}}]},"1":{"loc":{"start":{"line":23,"column":6},"end":{"line":25,"column":7}},"type":"if","locations":[{"start":{"line":23,"column":6},"end":{"line":25,"column":7}},{"start":{},"end":{}}]},"2":{"loc":{"start":{"line":14,"column":27},"end":{"line":14,"column":null}},"type":"cond-expr","locations":[{"start":{"line":14,"column":56},"end":{"line":14,"column":null}},{"start":{"line":14,"column":56},"end":{"line":14,"column":null}}]},"3":{"loc":{"start":{"line":14,"column":27},"end":{"line":14,"column":56}},"type":"binary-expr","locations":[{"start":{"line":14,"column":27},"end":{"line":14,"column":42}},{"start":{"line":14,"column":27},"end":{"line":14,"column":56}}]}},"s":{"0":2,"1":2,"2":2,"3":2,"4":2,"5":2,"6":2,"7":2,"8":1,"9":1,"10":1,"11":1,"12":2,"13":2},"f":{"0":2,"1":2},"b":{"0":[1,1],"1":[1,0],"2":[0,2],"3":[2,2]}}
,"C:\\Users\\jpedr\\OneDrive\\Área de Trabalho\\projetos\\todo-list\\src\\modules\\todo\\domain\\entities\\todo-item.entity.ts": {"path":"C:\\Users\\jpedr\\OneDrive\\Área de Trabalho\\projetos\\todo-list\\src\\modules\\todo\\domain\\entities\\todo-item.entity.ts","statementMap":{"0":{"start":{"line":1,"column":0},"end":{"line":1,"column":36}},"1":{"start":{"line":2,"column":0},"end":{"line":2,"column":61}},"2":{"start":{"line":15,"column":4},"end":{"line":15,"column":34}},"3":{"start":{"line":16,"column":4},"end":{"line":16,"column":24}},"4":{"start":{"line":17,"column":4},"end":{"line":17,"column":22}},"5":{"start":{"line":18,"column":4},"end":{"line":18,"column":34}},"6":{"start":{"line":27,"column":4},"end":{"line":27,"column":53}},"7":{"start":{"line":31,"column":4},"end":{"line":31,"column":20}},"8":{"start":{"line":35,"column":4},"end":{"line":35,"column":22}},"9":{"start":{"line":39,"column":4},"end":{"line":39,"column":23}},"10":{"start":{"line":43,"column":4},"end":{"line":43,"column":22}},"11":{"start":{"line":47,"column":4},"end":{"line":47,"column":24}},"12":{"start":{"line":51,"column":4},"end":{"line":53,"column":5}},"13":{"start":{"line":52,"column":6},"end":{"line":52,"column":54}},"14":{"start":{"line":55,"column":4},"end":{"line":57,"column":5}},"15":{"start":{"line":56,"column":6},"end":{"line":56,"column":54}},"16":{"start":{"line":59,"column":4},"end":{"line":59,"column":32}},"17":{"start":{"line":63,"column":4},"end":{"line":63,"column":32}},"18":{"start":{"line":67,"column":4},"end":{"line":69,"column":5}},"19":{"start":{"line":67,"column":39},"end":{"line":67,"column":59}},"20":{"start":{"line":68,"column":6},"end":{"line":68,"column":18}},"21":{"start":{"line":71,"column":4},"end":{"line":75,"column":5}},"22":{"start":{"line":72,"column":6},"end":{"line":74,"column":7}},"23":{"start":{"line":73,"column":8},"end":{"line":73,"column":20}},"24":{"start":{"line":77,"column":4},"end":{"line":77,"column":17}},"25":{"start":{"line":81,"column":4},"end":{"line":81,"column":33}},"26":{"start":{"line":85,"column":23},"end":{"line":85,"column":68}},"27":{"start":{"line":86,"column":4},"end":{"line":86,"column":25}},"28":{"start":{"line":88,"column":4},"end":{"line":88,"column":65}},"29":{"start":{"line":88,"column":38},"end":{"line":88,"column":63}},"30":{"start":{"line":92,"column":4},"end":{"line":92,"column":43}},"31":{"start":{"line":93,"column":4},"end":{"line":93,"column":59}},"32":{"start":{"line":93,"column":38},"end":{"line":93,"column":57}},"33":{"start":{"line":3,"column":0},"end":{"line":3,"column":13}}},"fnMap":{"0":{"name":"(anonymous_0)","decl":{"start":{"line":9,"column":2},"end":{"line":9,"column":null}},"loc":{"start":{"line":13,"column":15},"end":{"line":19,"column":3}}},"1":{"name":"(anonymous_1)","decl":{"start":{"line":21,"column":2},"end":{"line":21,"column":8}},"loc":{"start":{"line":25,"column":15},"end":{"line":28,"column":3}}},"2":{"name":"(anonymous_2)","decl":{"start":{"line":30,"column":2},"end":{"line":30,"column":6}},"loc":{"start":{"line":30,"column":8},"end":{"line":32,"column":3}}},"3":{"name":"(anonymous_3)","decl":{"start":{"line":34,"column":2},"end":{"line":34,"column":6}},"loc":{"start":{"line":34,"column":10},"end":{"line":36,"column":3}}},"4":{"name":"(anonymous_4)","decl":{"start":{"line":38,"column":2},"end":{"line":38,"column":6}},"loc":{"start":{"line":38,"column":11},"end":{"line":40,"column":3}}},"5":{"name":"(anonymous_5)","decl":{"start":{"line":42,"column":2},"end":{"line":42,"column":6}},"loc":{"start":{"line":42,"column":21},"end":{"line":44,"column":3}}},"6":{"name":"(anonymous_6)","decl":{"start":{"line":46,"column":2},"end":{"line":46,"column":6}},"loc":{"start":{"line":46,"column":25},"end":{"line":48,"column":3}}},"7":{"name":"(anonymous_7)","decl":{"start":{"line":50,"column":2},"end":{"line":50,"column":14}},"loc":{"start":{"line":50,"column":29},"end":{"line":60,"column":3}}},"8":{"name":"(anonymous_8)","decl":{"start":{"line":62,"column":10},"end":{"line":62,"column":31}},"loc":{"start":{"line":62,"column":46},"end":{"line":64,"column":3}}},"9":{"name":"(anonymous_9)","decl":{"start":{"line":66,"column":10},"end":{"line":66,"column":19}},"loc":{"start":{"line":66,"column":36},"end":{"line":78,"column":3}}},"10":{"name":"(anonymous_10)","decl":{"start":{"line":67,"column":30},"end":{"line":67,"column":31}},"loc":{"start":{"line":67,"column":39},"end":{"line":67,"column":59}}},"11":{"name":"(anonymous_11)","decl":{"start":{"line":80,"column":2},"end":{"line":80,"column":6}},"loc":{"start":{"line":80,"column":16},"end":{"line":82,"column":3}}},"12":{"name":"(anonymous_12)","decl":{"start":{"line":84,"column":2},"end":{"line":84,"column":12}},"loc":{"start":{"line":84,"column":26},"end":{"line":89,"column":3}}},"13":{"name":"(anonymous_13)","decl":{"start":{"line":88,"column":29},"end":{"line":88,"column":30}},"loc":{"start":{"line":88,"column":38},"end":{"line":88,"column":63}}},"14":{"name":"(anonymous_14)","decl":{"start":{"line":91,"column":10},"end":{"line":91,"column":19}},"loc":{"start":{"line":91,"column":32},"end":{"line":94,"column":3}}},"15":{"name":"(anonymous_15)","decl":{"start":{"line":93,"column":29},"end":{"line":93,"column":30}},"loc":{"start":{"line":93,"column":38},"end":{"line":93,"column":57}}}},"branchMap":{"0":{"loc":{"start":{"line":12,"column":4},"end":{"line":12,"column":31}},"type":"default-arg","locations":[{"start":{"line":12,"column":29},"end":{"line":12,"column":31}}]},"1":{"loc":{"start":{"line":15,"column":15},"end":{"line":15,"column":33}},"type":"binary-expr","locations":[{"start":{"line":15,"column":15},"end":{"line":15,"column":17}},{"start":{"line":15,"column":21},"end":{"line":15,"column":33}}]},"2":{"loc":{"start":{"line":24,"column":4},"end":{"line":24,"column":31}},"type":"default-arg","locations":[{"start":{"line":24,"column":29},"end":{"line":24,"column":31}}]},"3":{"loc":{"start":{"line":51,"column":4},"end":{"line":53,"column":5}},"type":"if","locations":[{"start":{"line":51,"column":4},"end":{"line":53,"column":5}},{"start":{},"end":{}}]},"4":{"loc":{"start":{"line":55,"column":4},"end":{"line":57,"column":5}},"type":"if","locations":[{"start":{"line":55,"column":4},"end":{"line":57,"column":5}},{"start":{},"end":{}}]},"5":{"loc":{"start":{"line":67,"column":4},"end":{"line":69,"column":5}},"type":"if","locations":[{"start":{"line":67,"column":4},"end":{"line":69,"column":5}},{"start":{},"end":{}}]},"6":{"loc":{"start":{"line":72,"column":6},"end":{"line":74,"column":7}},"type":"if","locations":[{"start":{"line":72,"column":6},"end":{"line":74,"column":7}},{"start":{},"end":{}}]}},"s":{"0":7,"1":7,"2":30,"3":30,"4":30,"5":30,"6":30,"7":32,"8":5,"9":2,"10":0,"11":1,"12":9,"13":1,"14":8,"15":2,"16":6,"17":8,"18":10,"19":4,"20":2,"21":8,"22":2,"23":1,"24":7,"25":1,"26":3,"27":3,"28":3,"29":2,"30":3,"31":3,"32":1,"33":7},"f":{"0":30,"1":30,"2":32,"3":5,"4":2,"5":0,"6":1,"7":9,"8":8,"9":10,"10":4,"11":1,"12":3,"13":2,"14":3,"15":1},"b":{"0":[0],"1":[30,30],"2":[29],"3":[1,8],"4":[2,6],"5":[2,8],"6":[1,1]}}
,"C:\\Users\\jpedr\\OneDrive\\Área de Trabalho\\projetos\\todo-list\\src\\modules\\todo\\infrastructure\\controllers\\todo.controller.ts": {"path":"C:\\Users\\jpedr\\OneDrive\\Área de Trabalho\\projetos\\todo-list\\src\\modules\\todo\\infrastructure\\controllers\\todo.controller.ts","statementMap":{"0":{"start":{"line":1,"column":0},"end":{"line":1,"column":null}},"1":{"start":{"line":11,"column":0},"end":{"line":11,"column":84}},"2":{"start":{"line":12,"column":0},"end":{"line":12,"column":71}},"3":{"start":{"line":13,"column":0},"end":{"line":13,"column":82}},"4":{"start":{"line":14,"column":0},"end":{"line":14,"column":78}},"5":{"start":{"line":15,"column":0},"end":{"line":15,"column":84}},"6":{"start":{"line":16,"column":0},"end":{"line":16,"column":75}},"7":{"start":{"line":17,"column":0},"end":{"line":17,"column":84}},"8":{"start":{"line":20,"column":7},"end":{"line":74,"column":null}},"9":{"start":{"line":22,"column":21},"end":{"line":22,"column":40}},"10":{"start":{"line":23,"column":21},"end":{"line":23,"column":39}},"11":{"start":{"line":24,"column":21},"end":{"line":24,"column":37}},"12":{"start":{"line":25,"column":21},"end":{"line":25,"column":40}},"13":{"start":{"line":26,"column":21},"end":{"line":26,"column":40}},"14":{"start":{"line":31,"column":4},"end":{"line":31,"column":21}},"15":{"start":{"line":32,"column":17},"end":{"line":36,"column":6}},"16":{"start":{"line":38,"column":4},"end":{"line":42,"column":6}},"17":{"start":{"line":47,"column":4},"end":{"line":47,"column":21}},"18":{"start":{"line":48,"column":17},"end":{"line":52,"column":6}},"19":{"start":{"line":54,"column":4},"end":{"line":54,"column":16}},"20":{"start":{"line":59,"column":4},"end":{"line":62,"column":7}},"21":{"start":{"line":67,"column":4},"end":{"line":67,"column":43}},"22":{"start":{"line":72,"column":4},"end":{"line":72,"column":46}},"23":{"start":{"line":20,"column":13},"end":{"line":20,"column":27}},"24":{"start":{"line":30,"column":8},"end":{"line":43,"column":null}},"25":{"start":{"line":46,"column":8},"end":{"line":55,"column":null}},"26":{"start":{"line":58,"column":8},"end":{"line":63,"column":null}},"27":{"start":{"line":66,"column":8},"end":{"line":68,"column":null}},"28":{"start":{"line":71,"column":8},"end":{"line":73,"column":null}},"29":{"start":{"line":20,"column":13},"end":{"line":74,"column":null}}},"fnMap":{"0":{"name":"(anonymous_4)","decl":{"start":{"line":21,"column":2},"end":{"line":21,"column":null}},"loc":{"start":{"line":26,"column":57},"end":{"line":27,"column":6}}},"1":{"name":"(anonymous_5)","decl":{"start":{"line":30,"column":8},"end":{"line":30,"column":14}},"loc":{"start":{"line":30,"column":41},"end":{"line":43,"column":3}}},"2":{"name":"(anonymous_6)","decl":{"start":{"line":46,"column":8},"end":{"line":46,"column":14}},"loc":{"start":{"line":46,"column":41},"end":{"line":55,"column":3}}},"3":{"name":"(anonymous_7)","decl":{"start":{"line":58,"column":8},"end":{"line":58,"column":12}},"loc":{"start":{"line":58,"column":64},"end":{"line":63,"column":3}}},"4":{"name":"(anonymous_8)","decl":{"start":{"line":66,"column":8},"end":{"line":66,"column":12}},"loc":{"start":{"line":66,"column":36},"end":{"line":68,"column":3}}},"5":{"name":"(anonymous_9)","decl":{"start":{"line":71,"column":8},"end":{"line":71,"column":14}},"loc":{"start":{"line":71,"column":38},"end":{"line":73,"column":3}}}},"branchMap":{"0":{"loc":{"start":{"line":58,"column":28},"end":{"line":58,"column":36}},"type":"default-arg","locations":[{"start":{"line":58,"column":35},"end":{"line":58,"column":36}}]},"1":{"loc":{"start":{"line":58,"column":54},"end":{"line":58,"column":64}},"type":"default-arg","locations":[{"start":{"line":58,"column":62},"end":{"line":58,"column":64}}]},"2":{"loc":{"start":{"line":30,"column":28},"end":{"line":30,"column":null}},"type":"cond-expr","locations":[{"start":{"line":30,"column":41},"end":{"line":30,"column":null}},{"start":{"line":30,"column":41},"end":{"line":30,"column":null}}]},"3":{"loc":{"start":{"line":30,"column":28},"end":{"line":30,"column":41}},"type":"binary-expr","locations":[{"start":{"line":30,"column":28},"end":{"line":30,"column":null}},{"start":{"line":30,"column":28},"end":{"line":30,"column":41}}]},"4":{"loc":{"start":{"line":46,"column":28},"end":{"line":46,"column":null}},"type":"cond-expr","locations":[{"start":{"line":46,"column":41},"end":{"line":46,"column":null}},{"start":{"line":46,"column":41},"end":{"line":46,"column":null}}]},"5":{"loc":{"start":{"line":46,"column":28},"end":{"line":46,"column":41}},"type":"binary-expr","locations":[{"start":{"line":46,"column":28},"end":{"line":46,"column":null}},{"start":{"line":46,"column":28},"end":{"line":46,"column":41}}]},"6":{"loc":{"start":{"line":22,"column":40},"end":{"line":22,"column":null}},"type":"cond-expr","locations":[{"start":{"line":22,"column":57},"end":{"line":22,"column":null}},{"start":{"line":22,"column":57},"end":{"line":22,"column":null}}]},"7":{"loc":{"start":{"line":22,"column":40},"end":{"line":22,"column":57}},"type":"binary-expr","locations":[{"start":{"line":22,"column":40},"end":{"line":22,"column":null}},{"start":{"line":22,"column":40},"end":{"line":22,"column":57}}]},"8":{"loc":{"start":{"line":22,"column":57},"end":{"line":23,"column":null}},"type":"cond-expr","locations":[{"start":{"line":23,"column":55},"end":{"line":23,"column":null}},{"start":{"line":23,"column":55},"end":{"line":23,"column":null}}]},"9":{"loc":{"start":{"line":22,"column":57},"end":{"line":23,"column":55}},"type":"binary-expr","locations":[{"start":{"line":22,"column":57},"end":{"line":23,"column":null}},{"start":{"line":23,"column":39},"end":{"line":23,"column":55}}]},"10":{"loc":{"start":{"line":23,"column":55},"end":{"line":24,"column":null}},"type":"cond-expr","locations":[{"start":{"line":24,"column":51},"end":{"line":24,"column":null}},{"start":{"line":24,"column":51},"end":{"line":24,"column":null}}]},"11":{"loc":{"start":{"line":23,"column":55},"end":{"line":24,"column":51}},"type":"binary-expr","locations":[{"start":{"line":23,"column":55},"end":{"line":24,"column":null}},{"start":{"line":24,"column":37},"end":{"line":24,"column":51}}]},"12":{"loc":{"start":{"line":24,"column":51},"end":{"line":25,"column":null}},"type":"cond-expr","locations":[{"start":{"line":25,"column":57},"end":{"line":25,"column":null}},{"start":{"line":25,"column":57},"end":{"line":25,"column":null}}]},"13":{"loc":{"start":{"line":24,"column":51},"end":{"line":25,"column":57}},"type":"binary-expr","locations":[{"start":{"line":24,"column":51},"end":{"line":25,"column":null}},{"start":{"line":25,"column":40},"end":{"line":25,"column":57}}]},"14":{"loc":{"start":{"line":25,"column":57},"end":{"line":26,"column":null}},"type":"cond-expr","locations":[{"start":{"line":26,"column":57},"end":{"line":26,"column":null}},{"start":{"line":26,"column":57},"end":{"line":26,"column":null}}]},"15":{"loc":{"start":{"line":25,"column":57},"end":{"line":26,"column":57}},"type":"binary-expr","locations":[{"start":{"line":25,"column":57},"end":{"line":26,"column":null}},{"start":{"line":26,"column":40},"end":{"line":26,"column":57}}]}},"s":{"0":1,"1":1,"2":1,"3":1,"4":1,"5":1,"6":1,"7":1,"8":1,"9":6,"10":6,"11":6,"12":6,"13":6,"14":1,"15":1,"16":1,"17":1,"18":1,"19":1,"20":1,"21":1,"22":1,"23":1,"24":1,"25":1,"26":1,"27":1,"28":1,"29":1},"f":{"0":6,"1":1,"2":1,"3":1,"4":1,"5":1},"b":{"0":[0],"1":[0],"2":[1,0],"3":[1,1],"4":[1,0],"5":[1,1],"6":[1,0],"7":[1,1],"8":[1,0],"9":[1,1],"10":[1,0],"11":[1,1],"12":[1,0],"13":[1,1],"14":[1,0],"15":[1,1]}}
,"C:\\Users\\jpedr\\OneDrive\\Área de Trabalho\\projetos\\todo-list\\src\\modules\\todo\\infrastructure\\database\\typeorm.config.ts": {"path":"C:\\Users\\jpedr\\OneDrive\\Área de Trabalho\\projetos\\todo-list\\src\\modules\\todo\\infrastructure\\database\\typeorm.config.ts","statementMap":{"0":{"start":{"line":3,"column":0},"end":{"line":3,"column":16}},"1":{"start":{"line":4,"column":2},"end":{"line":16,"column":4}}},"fnMap":{"0":{"name":"typeOrmConfig","decl":{"start":{"line":3,"column":16},"end":{"line":3,"column":29}},"loc":{"start":{"line":3,"column":29},"end":{"line":17,"column":1}}}},"branchMap":{},"s":{"0":0,"1":0},"f":{"0":0},"b":{}}
,"C:\\Users\\jpedr\\OneDrive\\Área de Trabalho\\projetos\\todo-list\\src\\modules\\todo\\infrastructure\\database\\models\\todo-dependency.model.ts": {"path":"C:\\Users\\jpedr\\OneDrive\\Área de Trabalho\\projetos\\todo-list\\src\\modules\\todo\\infrastructure\\database\\models\\todo-dependency.model.ts","statementMap":{"0":{"start":{"line":1,"column":0},"end":{"line":1,"column":65}},"1":{"start":{"line":4,"column":7},"end":{"line":13,"column":null}},"2":{"start":{"line":4,"column":13},"end":{"line":4,"column":32}},"3":{"start":{"line":6,"column":2},"end":{"line":6,"column":null}},"4":{"start":{"line":9,"column":2},"end":{"line":9,"column":null}},"5":{"start":{"line":12,"column":2},"end":{"line":12,"column":null}},"6":{"start":{"line":4,"column":13},"end":{"line":13,"column":null}}},"fnMap":{},"branchMap":{},"s":{"0":6,"1":6,"2":6,"3":6,"4":6,"5":6,"6":6},"f":{},"b":{}}
,"C:\\Users\\jpedr\\OneDrive\\Área de Trabalho\\projetos\\todo-list\\src\\modules\\todo\\infrastructure\\database\\models\\todo.model.ts": {"path":"C:\\Users\\jpedr\\OneDrive\\Área de Trabalho\\projetos\\todo-list\\src\\modules\\todo\\infrastructure\\database\\models\\todo.model.ts","statementMap":{"0":{"start":{"line":1,"column":0},"end":{"line":1,"column":56}},"1":{"start":{"line":4,"column":7},"end":{"line":13,"column":null}},"2":{"start":{"line":4,"column":13},"end":{"line":4,"column":22}},"3":{"start":{"line":6,"column":2},"end":{"line":6,"column":null}},"4":{"start":{"line":9,"column":2},"end":{"line":9,"column":null}},"5":{"start":{"line":12,"column":2},"end":{"line":12,"column":null}},"6":{"start":{"line":4,"column":13},"end":{"line":13,"column":null}}},"fnMap":{},"branchMap":{},"s":{"0":6,"1":6,"2":6,"3":6,"4":6,"5":6,"6":6},"f":{},"b":{}}
,"C:\\Users\\jpedr\\OneDrive\\Área de Trabalho\\projetos\\todo-list\\src\\modules\\todo\\infrastructure\\database\\persistence\\todo.repository.impl.ts": {"path":"C:\\Users\\jpedr\\OneDrive\\Área de Trabalho\\projetos\\todo-list\\src\\modules\\todo\\infrastructure\\database\\persistence\\todo.repository.impl.ts","statementMap":{"0":{"start":{"line":7,"column":0},"end":{"line":7,"column":49}},"1":{"start":{"line":8,"column":0},"end":{"line":8,"column":70}},"2":{"start":{"line":9,"column":0},"end":{"line":9,"column":69}},"3":{"start":{"line":11,"column":13},"end":{"line":11,"column":49}},"4":{"start":{"line":15,"column":21},"end":{"line":15,"column":52}},"5":{"start":{"line":16,"column":21},"end":{"line":16,"column":61}},"6":{"start":{"line":17,"column":21},"end":{"line":17,"column":43}},"7":{"start":{"line":21,"column":4},"end":{"line":21,"column":48}},"8":{"start":{"line":23,"column":4},"end":{"line":23,"column":51}},"9":{"start":{"line":25,"column":4},"end":{"line":25,"column":39}},"10":{"start":{"line":32,"column":17},"end":{"line":32,"column":35}},"11":{"start":{"line":34,"column":27},"end":{"line":40,"column":6}},"12":{"start":{"line":42,"column":30},"end":{"line":42,"column":32}},"13":{"start":{"line":44,"column":4},"end":{"line":71,"column":5}},"14":{"start":{"line":45,"column":19},"end":{"line":47,"column":8}},"15":{"start":{"line":49,"column":37},"end":{"line":49,"column":39}},"16":{"start":{"line":51,"column":6},"end":{"line":66,"column":7}},"17":{"start":{"line":52,"column":24},"end":{"line":54,"column":10}},"18":{"start":{"line":56,"column":8},"end":{"line":65,"column":9}},"19":{"start":{"line":57,"column":10},"end":{"line":64,"column":12}},"20":{"start":{"line":68,"column":6},"end":{"line":70,"column":8}},"21":{"start":{"line":73,"column":4},"end":{"line":78,"column":6}},"22":{"start":{"line":82,"column":17},"end":{"line":82,"column":63}},"23":{"start":{"line":83,"column":4},"end":{"line":83,"column":27}},"24":{"start":{"line":83,"column":15},"end":{"line":83,"column":27}},"25":{"start":{"line":85,"column":4},"end":{"line":85,"column":36}},"26":{"start":{"line":89,"column":17},"end":{"line":91,"column":6}},"27":{"start":{"line":93,"column":35},"end":{"line":93,"column":37}},"28":{"start":{"line":95,"column":4},"end":{"line":104,"column":5}},"29":{"start":{"line":96,"column":22},"end":{"line":98,"column":8}},"30":{"start":{"line":100,"column":6},"end":{"line":103,"column":7}},"31":{"start":{"line":101,"column":26},"end":{"line":101,"column":59}},"32":{"start":{"line":102,"column":8},"end":{"line":102,"column":35}},"33":{"start":{"line":106,"column":4},"end":{"line":111,"column":6}},"34":{"start":{"line":115,"column":4},"end":{"line":117,"column":7}},"35":{"start":{"line":116,"column":6},"end":{"line":116,"column":48}},"36":{"start":{"line":124,"column":4},"end":{"line":128,"column":7}},"37":{"start":{"line":130,"column":4},"end":{"line":132,"column":7}},"38":{"start":{"line":134,"column":4},"end":{"line":141,"column":5}},"39":{"start":{"line":135,"column":6},"end":{"line":138,"column":9}},"40":{"start":{"line":140,"column":6},"end":{"line":140,"column":47}},"41":{"start":{"line":13,"column":0},"end":{"line":13,"column":13}}},"fnMap":{"0":{"name":"(anonymous_0)","decl":{"start":{"line":14,"column":2},"end":{"line":14,"column":null}},"loc":{"start":{"line":17,"column":43},"end":{"line":18,"column":6}}},"1":{"name":"(anonymous_1)","decl":{"start":{"line":20,"column":2},"end":{"line":20,"column":7}},"loc":{"start":{"line":20,"column":25},"end":{"line":26,"column":3}}},"2":{"name":"(anonymous_2)","decl":{"start":{"line":28,"column":2},"end":{"line":28,"column":7}},"loc":{"start":{"line":31,"column":21},"end":{"line":79,"column":3}}},"3":{"name":"(anonymous_3)","decl":{"start":{"line":81,"column":2},"end":{"line":81,"column":7}},"loc":{"start":{"line":81,"column":27},"end":{"line":86,"column":3}}},"4":{"name":"(anonymous_4)","decl":{"start":{"line":88,"column":10},"end":{"line":88,"column":15}},"loc":{"start":{"line":88,"column":50},"end":{"line":112,"column":3}}},"5":{"name":"(anonymous_5)","decl":{"start":{"line":114,"column":2},"end":{"line":114,"column":7}},"loc":{"start":{"line":114,"column":27},"end":{"line":118,"column":3}}},"6":{"name":"(anonymous_6)","decl":{"start":{"line":115,"column":38},"end":{"line":115,"column":43}},"loc":{"start":{"line":115,"column":56},"end":{"line":117,"column":5}}},"7":{"name":"(anonymous_7)","decl":{"start":{"line":120,"column":10},"end":{"line":120,"column":15}},"loc":{"start":{"line":122,"column":26},"end":{"line":142,"column":3}}}},"branchMap":{"0":{"loc":{"start":{"line":56,"column":8},"end":{"line":65,"column":9}},"type":"if","locations":[{"start":{"line":56,"column":8},"end":{"line":65,"column":9}},{"start":{},"end":{}}]},"1":{"loc":{"start":{"line":83,"column":4},"end":{"line":83,"column":27}},"type":"if","locations":[{"start":{"line":83,"column":4},"end":{"line":83,"column":27}},{"start":{},"end":{}}]},"2":{"loc":{"start":{"line":100,"column":6},"end":{"line":103,"column":7}},"type":"if","locations":[{"start":{"line":100,"column":6},"end":{"line":103,"column":7}},{"start":{},"end":{}}]}},"s":{"0":6,"1":6,"2":6,"3":6,"4":0,"5":0,"6":0,"7":0,"8":0,"9":0,"10":0,"11":0,"12":0,"13":0,"14":0,"15":0,"16":0,"17":0,"18":0,"19":0,"20":0,"21":0,"22":0,"23":0,"24":0,"25":0,"26":0,"27":0,"28":0,"29":0,"30":0,"31":0,"32":0,"33":0,"34":0,"35":0,"36":0,"37":0,"38":0,"39":0,"40":0,"41":6},"f":{"0":0,"1":0,"2":0,"3":0,"4":0,"5":0,"6":0,"7":0},"b":{"0":[0,0],"1":[0,0],"2":[0,0]}}
}
