TN:
SF:src\app.module.ts
FNF:0
FNH:0
DA:1,0
DA:2,0
DA:3,0
DA:4,0
DA:9,0
LF:5
LH:0
BRF:0
BRH:0
end_of_record
TN:
SF:src\main.ts
FN:4,bootstrap
FNF:1
FNH:0
FNDA:0,bootstrap
DA:1,0
DA:2,0
DA:5,0
DA:7,0
DA:9,0
LF:5
LH:0
BRDA:7,0,0,0
BRDA:7,0,1,0
BRF:2
BRH:0
end_of_record
TN:
SF:src\modules\todo\todo.module.ts
FN:28,(anonymous_1)
FNF:1
FNH:0
FNDA:0,(anonymous_1)
DA:1,0
DA:2,0
DA:3,0
DA:4,0
DA:5,0
DA:6,0
DA:7,0
DA:8,0
DA:12,0
DA:13,0
DA:14,0
DA:15,0
DA:33,0
DA:43,0
LF:14
LH:0
BRF:0
BRH:0
end_of_record
TN:
SF:src\modules\todo\application\dtos\create-todo.dto.ts
FNF:0
FNH:0
DA:1,1
DA:10,1
DA:13,1
DA:16,1
DA:21,1
LF:5
LH:5
BRF:0
BRH:0
end_of_record
TN:
SF:src\modules\todo\application\dtos\update-todo.usecase.ts
FNF:0
FNH:0
DA:1,1
DA:10,1
DA:13,1
DA:17,1
DA:22,1
LF:5
LH:5
BRF:0
BRH:0
end_of_record
TN:
SF:src\modules\todo\application\use-cases\create-todo.usecase.ts
FN:13,(anonymous_13)
FN:18,(anonymous_14)
FNF:2
FNH:2
FNDA:2,(anonymous_13)
FNDA:2,(anonymous_14)
DA:1,2
DA:2,2
DA:3,2
DA:4,2
DA:12,2
DA:15,2
DA:19,2
DA:21,2
DA:23,2
DA:24,1
DA:26,1
DA:27,1
DA:30,0
DA:32,1
DA:34,1
DA:36,1
DA:37,0
DA:38,0
DA:41,1
LF:19
LH:16
BRDA:19,0,0,0
BRDA:26,1,0,1
BRDA:26,1,1,0
BRDA:15,2,0,0
BRDA:15,2,1,2
BRDA:15,3,0,2
BRDA:15,3,1,2
BRF:7
BRH:4
end_of_record
TN:
SF:src\modules\todo\application\use-cases\delete-todo.usecase.ts
FN:6,(anonymous_13)
FN:11,(anonymous_14)
FNF:2
FNH:2
FNDA:1,(anonymous_13)
FNDA:1,(anonymous_14)
DA:1,2
DA:2,2
DA:3,2
DA:5,2
DA:8,1
DA:12,1
LF:6
LH:6
BRDA:8,0,0,0
BRDA:8,0,1,2
BRDA:8,1,0,2
BRDA:8,1,1,2
BRF:4
BRH:3
end_of_record
TN:
SF:src\modules\todo\application\use-cases\find-one.usecase.ts
FN:6,(anonymous_13)
FN:11,(anonymous_14)
FNF:2
FNH:2
FNDA:1,(anonymous_13)
FNDA:1,(anonymous_14)
DA:1,2
DA:2,2
DA:3,2
DA:5,2
DA:8,1
DA:12,1
LF:6
LH:6
BRDA:8,0,0,0
BRDA:8,0,1,2
BRDA:8,1,0,2
BRDA:8,1,1,2
BRF:4
BRH:3
end_of_record
TN:
SF:src\modules\todo\application\use-cases\list-todos.usecase.ts
FN:11,(anonymous_13)
FN:16,(anonymous_14)
FNF:2
FNH:2
FNDA:1,(anonymous_13)
FNDA:1,(anonymous_14)
DA:1,2
DA:2,2
DA:3,2
DA:10,2
DA:13,1
DA:17,1
LF:6
LH:6
BRDA:13,0,0,0
BRDA:13,0,1,2
BRDA:13,1,0,2
BRDA:13,1,1,2
BRF:4
BRH:3
end_of_record
TN:
SF:src\modules\todo\application\use-cases\update-todo.usecase.ts
FN:12,(anonymous_13)
FN:17,(anonymous_14)
FNF:2
FNH:2
FNDA:2,(anonymous_13)
FNDA:2,(anonymous_14)
DA:1,2
DA:2,2
DA:3,2
DA:11,2
DA:14,2
DA:18,2
DA:20,2
DA:21,2
DA:22,1
DA:23,1
DA:24,1
DA:27,1
LF:12
LH:12
BRDA:21,0,0,1
BRDA:21,0,1,1
BRDA:23,1,0,1
BRDA:23,1,1,0
BRDA:14,2,0,0
BRDA:14,2,1,2
BRDA:14,3,0,2
BRDA:14,3,1,2
BRF:8
BRH:6
end_of_record
TN:
SF:src\modules\todo\domain\entities\todo-item.entity.ts
FN:9,(anonymous_0)
FN:21,(anonymous_1)
FN:30,(anonymous_2)
FN:34,(anonymous_3)
FN:38,(anonymous_4)
FN:42,(anonymous_5)
FN:46,(anonymous_6)
FN:50,(anonymous_7)
FN:62,(anonymous_8)
FN:66,(anonymous_9)
FN:67,(anonymous_10)
FN:80,(anonymous_11)
FN:84,(anonymous_12)
FN:88,(anonymous_13)
FN:91,(anonymous_14)
FN:93,(anonymous_15)
FNF:16
FNH:15
FNDA:30,(anonymous_0)
FNDA:30,(anonymous_1)
FNDA:32,(anonymous_2)
FNDA:5,(anonymous_3)
FNDA:2,(anonymous_4)
FNDA:0,(anonymous_5)
FNDA:1,(anonymous_6)
FNDA:9,(anonymous_7)
FNDA:8,(anonymous_8)
FNDA:10,(anonymous_9)
FNDA:4,(anonymous_10)
FNDA:1,(anonymous_11)
FNDA:3,(anonymous_12)
FNDA:2,(anonymous_13)
FNDA:3,(anonymous_14)
FNDA:1,(anonymous_15)
DA:1,7
DA:2,7
DA:3,7
DA:15,30
DA:16,30
DA:17,30
DA:18,30
DA:27,30
DA:31,32
DA:35,5
DA:39,2
DA:43,0
DA:47,1
DA:51,9
DA:52,1
DA:55,8
DA:56,2
DA:59,6
DA:63,8
DA:67,10
DA:68,2
DA:71,8
DA:72,2
DA:73,1
DA:77,7
DA:81,1
DA:85,3
DA:86,3
DA:88,3
DA:92,3
DA:93,3
LF:31
LH:30
BRDA:12,0,0,0
BRDA:15,1,0,30
BRDA:15,1,1,30
BRDA:24,2,0,29
BRDA:51,3,0,1
BRDA:51,3,1,8
BRDA:55,4,0,2
BRDA:55,4,1,6
BRDA:67,5,0,2
BRDA:67,5,1,8
BRDA:72,6,0,1
BRDA:72,6,1,1
BRF:12
BRH:11
end_of_record
TN:
SF:src\modules\todo\infrastructure\controllers\todo.controller.ts
FN:21,(anonymous_4)
FN:30,(anonymous_5)
FN:46,(anonymous_6)
FN:58,(anonymous_7)
FN:66,(anonymous_8)
FN:71,(anonymous_9)
FNF:6
FNH:6
FNDA:6,(anonymous_4)
FNDA:1,(anonymous_5)
FNDA:1,(anonymous_6)
FNDA:1,(anonymous_7)
FNDA:1,(anonymous_8)
FNDA:1,(anonymous_9)
DA:1,1
DA:11,1
DA:12,1
DA:13,1
DA:14,1
DA:15,1
DA:16,1
DA:17,1
DA:20,1
DA:22,6
DA:23,6
DA:24,6
DA:25,6
DA:26,6
DA:30,1
DA:31,1
DA:32,1
DA:38,1
DA:46,1
DA:47,1
DA:48,1
DA:54,1
DA:58,1
DA:59,1
DA:66,1
DA:67,1
DA:71,1
DA:72,1
LF:28
LH:28
BRDA:58,0,0,0
BRDA:58,1,0,0
BRDA:30,2,0,1
BRDA:30,2,1,0
BRDA:30,3,0,1
BRDA:30,3,1,1
BRDA:46,4,0,1
BRDA:46,4,1,0
BRDA:46,5,0,1
BRDA:46,5,1,1
BRDA:22,6,0,1
BRDA:22,6,1,0
BRDA:22,7,0,1
BRDA:22,7,1,1
BRDA:22,8,0,1
BRDA:22,8,1,0
BRDA:22,9,0,1
BRDA:22,9,1,1
BRDA:23,10,0,1
BRDA:23,10,1,0
BRDA:23,11,0,1
BRDA:23,11,1,1
BRDA:24,12,0,1
BRDA:24,12,1,0
BRDA:24,13,0,1
BRDA:24,13,1,1
BRDA:25,14,0,1
BRDA:25,14,1,0
BRDA:25,15,0,1
BRDA:25,15,1,1
BRF:30
BRH:21
end_of_record
TN:
SF:src\modules\todo\infrastructure\database\typeorm.config.ts
FN:3,typeOrmConfig
FNF:1
FNH:0
FNDA:0,typeOrmConfig
DA:3,0
DA:4,0
LF:2
LH:0
BRF:0
BRH:0
end_of_record
TN:
SF:src\modules\todo\infrastructure\database\models\todo-dependency.model.ts
FNF:0
FNH:0
DA:1,6
DA:4,6
DA:6,6
DA:9,6
DA:12,6
LF:5
LH:5
BRF:0
BRH:0
end_of_record
TN:
SF:src\modules\todo\infrastructure\database\models\todo.model.ts
FNF:0
FNH:0
DA:1,6
DA:4,6
DA:6,6
DA:9,6
DA:12,6
LF:5
LH:5
BRF:0
BRH:0
end_of_record
TN:
SF:src\modules\todo\infrastructure\database\persistence\todo.repository.impl.ts
FN:14,(anonymous_0)
FN:20,(anonymous_1)
FN:28,(anonymous_2)
FN:81,(anonymous_3)
FN:88,(anonymous_4)
FN:114,(anonymous_5)
FN:115,(anonymous_6)
FN:120,(anonymous_7)
FNF:8
FNH:0
FNDA:0,(anonymous_0)
FNDA:0,(anonymous_1)
FNDA:0,(anonymous_2)
FNDA:0,(anonymous_3)
FNDA:0,(anonymous_4)
FNDA:0,(anonymous_5)
FNDA:0,(anonymous_6)
FNDA:0,(anonymous_7)
DA:7,6
DA:8,6
DA:9,6
DA:11,6
DA:13,6
DA:15,0
DA:16,0
DA:17,0
DA:21,0
DA:23,0
DA:25,0
DA:32,0
DA:34,0
DA:42,0
DA:44,0
DA:45,0
DA:49,0
DA:51,0
DA:52,0
DA:56,0
DA:57,0
DA:68,0
DA:73,0
DA:82,0
DA:83,0
DA:85,0
DA:89,0
DA:93,0
DA:95,0
DA:96,0
DA:100,0
DA:101,0
DA:102,0
DA:106,0
DA:115,0
DA:116,0
DA:124,0
DA:130,0
DA:134,0
DA:135,0
DA:140,0
LF:41
LH:5
BRDA:56,0,0,0
BRDA:56,0,1,0
BRDA:83,1,0,0
BRDA:83,1,1,0
BRDA:100,2,0,0
BRDA:100,2,1,0
BRF:6
BRH:0
end_of_record
